[debug] [2021-03-10T10:13:10.674Z] ----------------------------------------------------------------------
[debug] [2021-03-10T10:13:10.675Z] Command:       /usr/local/bin/node /usr/local/bin/firebase deploy
[debug] [2021-03-10T10:13:10.675Z] CLI Version:   9.4.0
[debug] [2021-03-10T10:13:10.675Z] Platform:      darwin
[debug] [2021-03-10T10:13:10.675Z] Node Version:  v15.8.0
[debug] [2021-03-10T10:13:10.676Z] Time:          Wed Mar 10 2021 11:13:10 GMT+0100 (Central European Standard Time)
[debug] [2021-03-10T10:13:10.677Z] ----------------------------------------------------------------------
[debug] [2021-03-10T10:13:10.677Z] 
[debug] [2021-03-10T10:13:10.683Z] > command requires scopes: ["email","openid","https://www.googleapis.com/auth/cloudplatformprojects.readonly","https://www.googleapis.com/auth/firebase","https://www.googleapis.com/auth/cloud-platform"]
[debug] [2021-03-10T10:13:10.683Z] > authorizing via signed-in user
[debug] [2021-03-10T10:13:10.684Z] [iam] checking project airbnbclone-6a684 for permissions ["firebase.projects.get","firebasehosting.sites.update"]
[debug] [2021-03-10T10:13:10.685Z] > refreshing access token with scopes: ["email","https://www.googleapis.com/auth/cloud-platform","https://www.googleapis.com/auth/cloudplatformprojects.readonly","https://www.googleapis.com/auth/firebase","openid"]
[debug] [2021-03-10T10:13:10.685Z] >>> HTTP REQUEST POST https://www.googleapis.com/oauth2/v3/token  
 <request body omitted>
[debug] [2021-03-10T10:13:10.800Z] <<< HTTP RESPONSE 200 {"cache-control":"no-cache, no-store, max-age=0, must-revalidate","expires":"Mon, 01 Jan 1990 00:00:00 GMT","date":"Wed, 10 Mar 2021 10:13:10 GMT","pragma":"no-cache","content-type":"application/json; charset=utf-8","vary":"X-Origin, Referer, Origin,Accept-Encoding","server":"scaffolding on HTTPServer2","x-xss-protection":"0","x-frame-options":"SAMEORIGIN","x-content-type-options":"nosniff","alt-svc":"h3-29=\":443\"; ma=2592000,h3-T051=\":443\"; ma=2592000,h3-Q050=\":443\"; ma=2592000,h3-Q046=\":443\"; ma=2592000,h3-Q043=\":443\"; ma=2592000,quic=\":443\"; ma=2592000; v=\"46,43\"","accept-ranges":"none","transfer-encoding":"chunked"}
[debug] [2021-03-10T10:13:10.823Z] >>> HTTP REQUEST POST https://cloudresourcemanager.googleapis.com/v1/projects/airbnbclone-6a684:testIamPermissions  
 {"permissions":["firebase.projects.get","firebasehosting.sites.update"]}
[debug] [2021-03-10T10:13:11.564Z] <<< HTTP RESPONSE 200 {"content-type":"application/json; charset=UTF-8","vary":"X-Origin, Referer, Origin,Accept-Encoding","date":"Wed, 10 Mar 2021 10:13:11 GMT","server":"ESF","cache-control":"private","x-xss-protection":"0","x-frame-options":"SAMEORIGIN","x-content-type-options":"nosniff","server-timing":"gfet4t7; dur=584","alt-svc":"h3-29=\":443\"; ma=2592000,h3-T051=\":443\"; ma=2592000,h3-Q050=\":443\"; ma=2592000,h3-Q046=\":443\"; ma=2592000,h3-Q043=\":443\"; ma=2592000,quic=\":443\"; ma=2592000; v=\"46,43\"","accept-ranges":"none","transfer-encoding":"chunked"}
[debug] [2021-03-10T10:13:11.569Z] > refreshing access token with scopes: []
[debug] [2021-03-10T10:13:11.569Z] >>> HTTP REQUEST POST https://www.googleapis.com/oauth2/v3/token  
 <request body omitted>
[debug] [2021-03-10T10:13:11.630Z] <<< HTTP RESPONSE 200 {"expires":"Mon, 01 Jan 1990 00:00:00 GMT","date":"Wed, 10 Mar 2021 10:13:11 GMT","cache-control":"no-cache, no-store, max-age=0, must-revalidate","pragma":"no-cache","content-type":"application/json; charset=utf-8","vary":"X-Origin, Referer, Origin,Accept-Encoding","server":"scaffolding on HTTPServer2","x-xss-protection":"0","x-frame-options":"SAMEORIGIN","x-content-type-options":"nosniff","alt-svc":"h3-29=\":443\"; ma=2592000,h3-T051=\":443\"; ma=2592000,h3-Q050=\":443\"; ma=2592000,h3-Q046=\":443\"; ma=2592000,h3-Q043=\":443\"; ma=2592000,quic=\":443\"; ma=2592000; v=\"46,43\"","accept-ranges":"none","transfer-encoding":"chunked"}
[debug] [2021-03-10T10:13:11.658Z] >>> [apiv2][query] GET https://firebase.googleapis.com/v1beta1/projects/airbnbclone-6a684 [none]
[debug] [2021-03-10T10:13:11.851Z] <<< [apiv2][status] GET https://firebase.googleapis.com/v1beta1/projects/airbnbclone-6a684 200
[debug] [2021-03-10T10:13:11.852Z] <<< [apiv2][body] GET https://firebase.googleapis.com/v1beta1/projects/airbnbclone-6a684 {"projectId":"airbnbclone-6a684","projectNumber":"701748086201","displayName":"airbnbClone","name":"projects/airbnbclone-6a684","resources":{"hostingSite":"airbnbclone-6a684"},"state":"ACTIVE"}
[info] 
[info] === Deploying to 'airbnbclone-6a684'...
[info] 
[info] i  deploying hosting 
[debug] [2021-03-10T10:13:11.855Z] > refreshing access token with scopes: ["email","https://www.googleapis.com/auth/cloud-platform","https://www.googleapis.com/auth/cloudplatformprojects.readonly","https://www.googleapis.com/auth/firebase","openid"]
[debug] [2021-03-10T10:13:11.855Z] >>> HTTP REQUEST POST https://www.googleapis.com/oauth2/v3/token  
 <request body omitted>
[debug] [2021-03-10T10:13:11.907Z] <<< HTTP RESPONSE 200 {"pragma":"no-cache","expires":"Mon, 01 Jan 1990 00:00:00 GMT","date":"Wed, 10 Mar 2021 10:13:11 GMT","cache-control":"no-cache, no-store, max-age=0, must-revalidate","content-type":"application/json; charset=utf-8","vary":"X-Origin, Referer, Origin,Accept-Encoding","server":"scaffolding on HTTPServer2","x-xss-protection":"0","x-frame-options":"SAMEORIGIN","x-content-type-options":"nosniff","alt-svc":"h3-29=\":443\"; ma=2592000,h3-T051=\":443\"; ma=2592000,h3-Q050=\":443\"; ma=2592000,h3-Q046=\":443\"; ma=2592000,h3-Q043=\":443\"; ma=2592000,quic=\":443\"; ma=2592000; v=\"46,43\"","accept-ranges":"none","transfer-encoding":"chunked"}
[debug] [2021-03-10T10:13:11.928Z] >>> HTTP REQUEST POST https://firebasehosting.googleapis.com/v1beta1/sites/airbnbclone-6a684/versions  
 {"config":{"rewrites":[{"glob":"**","path":"/index.html"}]},"labels":{"deployment-tool":"cli-firebase"}}
[debug] [2021-03-10T10:13:13.919Z] <<< HTTP RESPONSE 200 {"content-type":"application/json; charset=UTF-8","vary":"X-Origin, Referer, Origin,Accept-Encoding","date":"Wed, 10 Mar 2021 10:13:13 GMT","server":"ESF","cache-control":"private","x-xss-protection":"0","x-frame-options":"SAMEORIGIN","x-content-type-options":"nosniff","alt-svc":"h3-29=\":443\"; ma=2592000,h3-T051=\":443\"; ma=2592000,h3-Q050=\":443\"; ma=2592000,h3-Q046=\":443\"; ma=2592000,h3-Q043=\":443\"; ma=2592000,quic=\":443\"; ma=2592000; v=\"46,43\"","accept-ranges":"none","transfer-encoding":"chunked"}
[info] i  hosting[airbnbclone-6a684]: beginning deploy... 
[info] i  hosting[airbnbclone-6a684]: found 18 files in build 
[debug] [2021-03-10T10:13:13.944Z] [hosting] hash cache [YnVpbGQ] not populated
[debug] [2021-03-10T10:13:14.098Z] > refreshing access token with scopes: []
[debug] [2021-03-10T10:13:14.098Z] >>> HTTP REQUEST POST https://www.googleapis.com/oauth2/v3/token  
 <request body omitted>
[debug] [2021-03-10T10:13:14.099Z] [hosting] hash cache [YnVpbGQ] stored for 18 files
[debug] [2021-03-10T10:13:14.099Z] [hosting][hash queue][FINAL] {"max":151,"min":5,"avg":15.944444444444445,"active":0,"complete":18,"success":18,"errored":0,"retried":0,"total":18,"elapsed":155}
[debug] [2021-03-10T10:13:14.165Z] <<< HTTP RESPONSE 200 {"date":"Wed, 10 Mar 2021 10:13:14 GMT","expires":"Mon, 01 Jan 1990 00:00:00 GMT","cache-control":"no-cache, no-store, max-age=0, must-revalidate","pragma":"no-cache","content-type":"application/json; charset=utf-8","vary":"X-Origin, Referer, Origin,Accept-Encoding","server":"scaffolding on HTTPServer2","x-xss-protection":"0","x-frame-options":"SAMEORIGIN","x-content-type-options":"nosniff","alt-svc":"h3-29=\":443\"; ma=2592000,h3-T051=\":443\"; ma=2592000,h3-Q050=\":443\"; ma=2592000,h3-Q046=\":443\"; ma=2592000,h3-Q043=\":443\"; ma=2592000,quic=\":443\"; ma=2592000; v=\"46,43\"","accept-ranges":"none","transfer-encoding":"chunked"}
[debug] [2021-03-10T10:13:14.187Z] >>> [apiv2][query] POST https://firebasehosting.googleapis.com/v1beta1/sites/airbnbclone-6a684/versions/2c928f8af6284c04:populateFiles [none]
[debug] [2021-03-10T10:13:14.187Z] >>> [apiv2][body] POST https://firebasehosting.googleapis.com/v1beta1/sites/airbnbclone-6a684/versions/2c928f8af6284c04:populateFiles {"files":{"/asset-manifest.json":"265ef5f8e19b3cda5851edc450e2813327d661b7279c577e3c57610845b11fe4","/favicon.ico":"b72f7455f00e4e58792d2bca892abb068e2213838c0316d6b7a0d6d16acd1955","/robots.txt":"391d14b3c2f8c9143a27a28c7399585142228d4d1bdbe2c87ac946de411fa9a2","/manifest.json":"341d52628782f8ac9290bbfc43298afccb47b7cbfcee146ae30cf0f46bc30900","/index.html":"d36611822770653b15e9b90fae7e54b39511e6545109224ed0b47f2311cc3704","/static/css/main.deb28e31.chunk.css":"5e935216769fd4ab31d14f087362f0a5bc1c1f9e7f877d964ff96d4cca5e570b","/static/js/2.87c5cdfd.chunk.js.LICENSE.txt":"e943bc5b4a835edae57aa85769a2f21fefdad77b6609a486f47cb72124ecfd2e","/static/css/2.06382735.chunk.css.map":"76f0f1f79a091bc410048c912ffab4d3fc1fb7ca4dc87380377be9b0b87437cb","/static/css/main.deb28e31.chunk.css.map":"384ce87a432a01baf652c916fb39057211ca71940bb010a93e13976368a2726c","/static/js/runtime-main.f289e500.js":"c02e4a321a5701e390ae0d798584167a34c8ae1f58e8a0232361312257b716e8","/static/css/2.06382735.chunk.css":"962bad626db51a1eba6ee47656581d47528a3ee0cf037f6dc1d8876d543c07c9","/static/js/main.ebd09ba6.chunk.js":"e54d4de3cd5b1ba16a9cc42f4b53ee06734e8a7815b83d6ce955036c93358b9b","/logo192.png":"caff018b7f1e8fd481eb1c50d75b0ef236bcd5078b1d15c8bb348453fee30293","/static/js/runtime-main.f289e500.js.map":"f5e91df6487eb12a4c47997f28af0f916785b8ebdff9f3ebdc1e1bde08880116","/static/js/main.ebd09ba6.chunk.js.map":"725e1bcc08cfdced3bd31779ff5b081254e9c8c923d823d56732f18e08c52c55","/logo512.png":"191fc21360b4ccfb1cda11a1efb97f489ed22672ca83f4064316802bbfdd750e","/static/js/2.87c5cdfd.chunk.js":"52c2286923bf6c23413e25abbff22f2f7134c422758952fddfa16e02b26d36b9","/static/js/2.87c5cdfd.chunk.js.map":"4240a6c6dd5794e388d50e14beb6eb1558284becb9de43fa7132ce14b9ed704d"}}
[debug] [2021-03-10T10:13:15.255Z] <<< [apiv2][status] POST https://firebasehosting.googleapis.com/v1beta1/sites/airbnbclone-6a684/versions/2c928f8af6284c04:populateFiles 200
[debug] [2021-03-10T10:13:15.256Z] <<< [apiv2][body] POST https://firebasehosting.googleapis.com/v1beta1/sites/airbnbclone-6a684/versions/2c928f8af6284c04:populateFiles {"uploadRequiredHashes":["52c2286923bf6c23413e25abbff22f2f7134c422758952fddfa16e02b26d36b9","c02e4a321a5701e390ae0d798584167a34c8ae1f58e8a0232361312257b716e8","5e935216769fd4ab31d14f087362f0a5bc1c1f9e7f877d964ff96d4cca5e570b","391d14b3c2f8c9143a27a28c7399585142228d4d1bdbe2c87ac946de411fa9a2","4240a6c6dd5794e388d50e14beb6eb1558284becb9de43fa7132ce14b9ed704d","f5e91df6487eb12a4c47997f28af0f916785b8ebdff9f3ebdc1e1bde08880116","caff018b7f1e8fd481eb1c50d75b0ef236bcd5078b1d15c8bb348453fee30293","384ce87a432a01baf652c916fb39057211ca71940bb010a93e13976368a2726c","e54d4de3cd5b1ba16a9cc42f4b53ee06734e8a7815b83d6ce955036c93358b9b","265ef5f8e19b3cda5851edc450e2813327d661b7279c577e3c57610845b11fe4","d36611822770653b15e9b90fae7e54b39511e6545109224ed0b47f2311cc3704","341d52628782f8ac9290bbfc43298afccb47b7cbfcee146ae30cf0f46bc30900","b72f7455f00e4e58792d2bca892abb068e2213838c0316d6b7a0d6d16acd1955","725e1bcc08cfdced3bd31779ff5b081254e9c8c923d823d56732f18e08c52c55","191fc21360b4ccfb1cda11a1efb97f489ed22672ca83f4064316802bbfdd750e","962bad626db51a1eba6ee47656581d47528a3ee0cf037f6dc1d8876d543c07c9","76f0f1f79a091bc410048c912ffab4d3fc1fb7ca4dc87380377be9b0b87437cb","e943bc5b4a835edae57aa85769a2f21fefdad77b6609a486f47cb72124ecfd2e"],"uploadUrl":"https://upload-firebasehosting.googleapis.com/upload/sites/airbnbclone-6a684/versions/2c928f8af6284c04/files"}
[debug] [2021-03-10T10:13:15.263Z] >>> [apiv2][query] POST https://upload-firebasehosting.googleapis.com/upload/sites/airbnbclone-6a684/versions/2c928f8af6284c04/files/52c2286923bf6c23413e25abbff22f2f7134c422758952fddfa16e02b26d36b9 [none]
[debug] [2021-03-10T10:13:15.264Z] >>> [apiv2][body] POST https://upload-firebasehosting.googleapis.com/upload/sites/airbnbclone-6a684/versions/2c928f8af6284c04/files/52c2286923bf6c23413e25abbff22f2f7134c422758952fddfa16e02b26d36b9 [stream]
[debug] [2021-03-10T10:13:15.266Z] >>> [apiv2][query] POST https://upload-firebasehosting.googleapis.com/upload/sites/airbnbclone-6a684/versions/2c928f8af6284c04/files/c02e4a321a5701e390ae0d798584167a34c8ae1f58e8a0232361312257b716e8 [none]
[debug] [2021-03-10T10:13:15.266Z] >>> [apiv2][body] POST https://upload-firebasehosting.googleapis.com/upload/sites/airbnbclone-6a684/versions/2c928f8af6284c04/files/c02e4a321a5701e390ae0d798584167a34c8ae1f58e8a0232361312257b716e8 [stream]
[debug] [2021-03-10T10:13:15.267Z] >>> [apiv2][query] POST https://upload-firebasehosting.googleapis.com/upload/sites/airbnbclone-6a684/versions/2c928f8af6284c04/files/5e935216769fd4ab31d14f087362f0a5bc1c1f9e7f877d964ff96d4cca5e570b [none]
[debug] [2021-03-10T10:13:15.267Z] >>> [apiv2][body] POST https://upload-firebasehosting.googleapis.com/upload/sites/airbnbclone-6a684/versions/2c928f8af6284c04/files/5e935216769fd4ab31d14f087362f0a5bc1c1f9e7f877d964ff96d4cca5e570b [stream]
[debug] [2021-03-10T10:13:15.275Z] >>> [apiv2][query] POST https://upload-firebasehosting.googleapis.com/upload/sites/airbnbclone-6a684/versions/2c928f8af6284c04/files/391d14b3c2f8c9143a27a28c7399585142228d4d1bdbe2c87ac946de411fa9a2 [none]
[debug] [2021-03-10T10:13:15.275Z] >>> [apiv2][body] POST https://upload-firebasehosting.googleapis.com/upload/sites/airbnbclone-6a684/versions/2c928f8af6284c04/files/391d14b3c2f8c9143a27a28c7399585142228d4d1bdbe2c87ac946de411fa9a2 [stream]
[debug] [2021-03-10T10:13:15.277Z] >>> [apiv2][query] POST https://upload-firebasehosting.googleapis.com/upload/sites/airbnbclone-6a684/versions/2c928f8af6284c04/files/4240a6c6dd5794e388d50e14beb6eb1558284becb9de43fa7132ce14b9ed704d [none]
[debug] [2021-03-10T10:13:15.277Z] >>> [apiv2][body] POST https://upload-firebasehosting.googleapis.com/upload/sites/airbnbclone-6a684/versions/2c928f8af6284c04/files/4240a6c6dd5794e388d50e14beb6eb1558284becb9de43fa7132ce14b9ed704d [stream]
[debug] [2021-03-10T10:13:15.278Z] >>> [apiv2][query] POST https://upload-firebasehosting.googleapis.com/upload/sites/airbnbclone-6a684/versions/2c928f8af6284c04/files/f5e91df6487eb12a4c47997f28af0f916785b8ebdff9f3ebdc1e1bde08880116 [none]
[debug] [2021-03-10T10:13:15.278Z] >>> [apiv2][body] POST https://upload-firebasehosting.googleapis.com/upload/sites/airbnbclone-6a684/versions/2c928f8af6284c04/files/f5e91df6487eb12a4c47997f28af0f916785b8ebdff9f3ebdc1e1bde08880116 [stream]
[debug] [2021-03-10T10:13:15.280Z] >>> [apiv2][query] POST https://upload-firebasehosting.googleapis.com/upload/sites/airbnbclone-6a684/versions/2c928f8af6284c04/files/caff018b7f1e8fd481eb1c50d75b0ef236bcd5078b1d15c8bb348453fee30293 [none]
[debug] [2021-03-10T10:13:15.280Z] >>> [apiv2][body] POST https://upload-firebasehosting.googleapis.com/upload/sites/airbnbclone-6a684/versions/2c928f8af6284c04/files/caff018b7f1e8fd481eb1c50d75b0ef236bcd5078b1d15c8bb348453fee30293 [stream]
[debug] [2021-03-10T10:13:15.281Z] >>> [apiv2][query] POST https://upload-firebasehosting.googleapis.com/upload/sites/airbnbclone-6a684/versions/2c928f8af6284c04/files/384ce87a432a01baf652c916fb39057211ca71940bb010a93e13976368a2726c [none]
[debug] [2021-03-10T10:13:15.281Z] >>> [apiv2][body] POST https://upload-firebasehosting.googleapis.com/upload/sites/airbnbclone-6a684/versions/2c928f8af6284c04/files/384ce87a432a01baf652c916fb39057211ca71940bb010a93e13976368a2726c [stream]
[debug] [2021-03-10T10:13:15.282Z] >>> [apiv2][query] POST https://upload-firebasehosting.googleapis.com/upload/sites/airbnbclone-6a684/versions/2c928f8af6284c04/files/e54d4de3cd5b1ba16a9cc42f4b53ee06734e8a7815b83d6ce955036c93358b9b [none]
[debug] [2021-03-10T10:13:15.282Z] >>> [apiv2][body] POST https://upload-firebasehosting.googleapis.com/upload/sites/airbnbclone-6a684/versions/2c928f8af6284c04/files/e54d4de3cd5b1ba16a9cc42f4b53ee06734e8a7815b83d6ce955036c93358b9b [stream]
[debug] [2021-03-10T10:13:15.283Z] >>> [apiv2][query] POST https://upload-firebasehosting.googleapis.com/upload/sites/airbnbclone-6a684/versions/2c928f8af6284c04/files/265ef5f8e19b3cda5851edc450e2813327d661b7279c577e3c57610845b11fe4 [none]
[debug] [2021-03-10T10:13:15.283Z] >>> [apiv2][body] POST https://upload-firebasehosting.googleapis.com/upload/sites/airbnbclone-6a684/versions/2c928f8af6284c04/files/265ef5f8e19b3cda5851edc450e2813327d661b7279c577e3c57610845b11fe4 [stream]
[debug] [2021-03-10T10:13:15.284Z] >>> [apiv2][query] POST https://upload-firebasehosting.googleapis.com/upload/sites/airbnbclone-6a684/versions/2c928f8af6284c04/files/d36611822770653b15e9b90fae7e54b39511e6545109224ed0b47f2311cc3704 [none]
[debug] [2021-03-10T10:13:15.284Z] >>> [apiv2][body] POST https://upload-firebasehosting.googleapis.com/upload/sites/airbnbclone-6a684/versions/2c928f8af6284c04/files/d36611822770653b15e9b90fae7e54b39511e6545109224ed0b47f2311cc3704 [stream]
[debug] [2021-03-10T10:13:15.285Z] >>> [apiv2][query] POST https://upload-firebasehosting.googleapis.com/upload/sites/airbnbclone-6a684/versions/2c928f8af6284c04/files/341d52628782f8ac9290bbfc43298afccb47b7cbfcee146ae30cf0f46bc30900 [none]
[debug] [2021-03-10T10:13:15.285Z] >>> [apiv2][body] POST https://upload-firebasehosting.googleapis.com/upload/sites/airbnbclone-6a684/versions/2c928f8af6284c04/files/341d52628782f8ac9290bbfc43298afccb47b7cbfcee146ae30cf0f46bc30900 [stream]
[debug] [2021-03-10T10:13:15.286Z] >>> [apiv2][query] POST https://upload-firebasehosting.googleapis.com/upload/sites/airbnbclone-6a684/versions/2c928f8af6284c04/files/b72f7455f00e4e58792d2bca892abb068e2213838c0316d6b7a0d6d16acd1955 [none]
[debug] [2021-03-10T10:13:15.286Z] >>> [apiv2][body] POST https://upload-firebasehosting.googleapis.com/upload/sites/airbnbclone-6a684/versions/2c928f8af6284c04/files/b72f7455f00e4e58792d2bca892abb068e2213838c0316d6b7a0d6d16acd1955 [stream]
[debug] [2021-03-10T10:13:15.287Z] >>> [apiv2][query] POST https://upload-firebasehosting.googleapis.com/upload/sites/airbnbclone-6a684/versions/2c928f8af6284c04/files/725e1bcc08cfdced3bd31779ff5b081254e9c8c923d823d56732f18e08c52c55 [none]
[debug] [2021-03-10T10:13:15.287Z] >>> [apiv2][body] POST https://upload-firebasehosting.googleapis.com/upload/sites/airbnbclone-6a684/versions/2c928f8af6284c04/files/725e1bcc08cfdced3bd31779ff5b081254e9c8c923d823d56732f18e08c52c55 [stream]
[debug] [2021-03-10T10:13:15.288Z] >>> [apiv2][query] POST https://upload-firebasehosting.googleapis.com/upload/sites/airbnbclone-6a684/versions/2c928f8af6284c04/files/191fc21360b4ccfb1cda11a1efb97f489ed22672ca83f4064316802bbfdd750e [none]
[debug] [2021-03-10T10:13:15.288Z] >>> [apiv2][body] POST https://upload-firebasehosting.googleapis.com/upload/sites/airbnbclone-6a684/versions/2c928f8af6284c04/files/191fc21360b4ccfb1cda11a1efb97f489ed22672ca83f4064316802bbfdd750e [stream]
[debug] [2021-03-10T10:13:15.289Z] >>> [apiv2][query] POST https://upload-firebasehosting.googleapis.com/upload/sites/airbnbclone-6a684/versions/2c928f8af6284c04/files/962bad626db51a1eba6ee47656581d47528a3ee0cf037f6dc1d8876d543c07c9 [none]
[debug] [2021-03-10T10:13:15.289Z] >>> [apiv2][body] POST https://upload-firebasehosting.googleapis.com/upload/sites/airbnbclone-6a684/versions/2c928f8af6284c04/files/962bad626db51a1eba6ee47656581d47528a3ee0cf037f6dc1d8876d543c07c9 [stream]
[debug] [2021-03-10T10:13:15.290Z] >>> [apiv2][query] POST https://upload-firebasehosting.googleapis.com/upload/sites/airbnbclone-6a684/versions/2c928f8af6284c04/files/76f0f1f79a091bc410048c912ffab4d3fc1fb7ca4dc87380377be9b0b87437cb [none]
[debug] [2021-03-10T10:13:15.290Z] >>> [apiv2][body] POST https://upload-firebasehosting.googleapis.com/upload/sites/airbnbclone-6a684/versions/2c928f8af6284c04/files/76f0f1f79a091bc410048c912ffab4d3fc1fb7ca4dc87380377be9b0b87437cb [stream]
[debug] [2021-03-10T10:13:15.290Z] >>> [apiv2][query] POST https://upload-firebasehosting.googleapis.com/upload/sites/airbnbclone-6a684/versions/2c928f8af6284c04/files/e943bc5b4a835edae57aa85769a2f21fefdad77b6609a486f47cb72124ecfd2e [none]
[debug] [2021-03-10T10:13:15.291Z] >>> [apiv2][body] POST https://upload-firebasehosting.googleapis.com/upload/sites/airbnbclone-6a684/versions/2c928f8af6284c04/files/e943bc5b4a835edae57aa85769a2f21fefdad77b6609a486f47cb72124ecfd2e [stream]
[debug] [2021-03-10T10:13:15.291Z] [hosting][populate queue][FINAL] {"max":1166,"min":1166,"avg":1166,"active":0,"complete":1,"success":1,"errored":0,"retried":0,"total":1,"elapsed":1194}
[debug] [2021-03-10T10:13:15.292Z] [hosting] uploads queued: 18
[debug] [2021-03-10T10:13:16.402Z] <<< [apiv2][status] POST https://upload-firebasehosting.googleapis.com/upload/sites/airbnbclone-6a684/versions/2c928f8af6284c04/files/e54d4de3cd5b1ba16a9cc42f4b53ee06734e8a7815b83d6ce955036c93358b9b 200
[debug] [2021-03-10T10:13:16.402Z] <<< [apiv2][body] POST https://upload-firebasehosting.googleapis.com/upload/sites/airbnbclone-6a684/versions/2c928f8af6284c04/files/e54d4de3cd5b1ba16a9cc42f4b53ee06734e8a7815b83d6ce955036c93358b9b [stream]
[debug] [2021-03-10T10:13:16.420Z] <<< [apiv2][status] POST https://upload-firebasehosting.googleapis.com/upload/sites/airbnbclone-6a684/versions/2c928f8af6284c04/files/265ef5f8e19b3cda5851edc450e2813327d661b7279c577e3c57610845b11fe4 200
[debug] [2021-03-10T10:13:16.421Z] <<< [apiv2][body] POST https://upload-firebasehosting.googleapis.com/upload/sites/airbnbclone-6a684/versions/2c928f8af6284c04/files/265ef5f8e19b3cda5851edc450e2813327d661b7279c577e3c57610845b11fe4 [stream]
[debug] [2021-03-10T10:13:16.423Z] <<< [apiv2][status] POST https://upload-firebasehosting.googleapis.com/upload/sites/airbnbclone-6a684/versions/2c928f8af6284c04/files/5e935216769fd4ab31d14f087362f0a5bc1c1f9e7f877d964ff96d4cca5e570b 200
[debug] [2021-03-10T10:13:16.424Z] <<< [apiv2][body] POST https://upload-firebasehosting.googleapis.com/upload/sites/airbnbclone-6a684/versions/2c928f8af6284c04/files/5e935216769fd4ab31d14f087362f0a5bc1c1f9e7f877d964ff96d4cca5e570b [stream]
[debug] [2021-03-10T10:13:16.460Z] <<< [apiv2][status] POST https://upload-firebasehosting.googleapis.com/upload/sites/airbnbclone-6a684/versions/2c928f8af6284c04/files/725e1bcc08cfdced3bd31779ff5b081254e9c8c923d823d56732f18e08c52c55 200
[debug] [2021-03-10T10:13:16.460Z] <<< [apiv2][body] POST https://upload-firebasehosting.googleapis.com/upload/sites/airbnbclone-6a684/versions/2c928f8af6284c04/files/725e1bcc08cfdced3bd31779ff5b081254e9c8c923d823d56732f18e08c52c55 [stream]
[debug] [2021-03-10T10:13:16.543Z] <<< [apiv2][status] POST https://upload-firebasehosting.googleapis.com/upload/sites/airbnbclone-6a684/versions/2c928f8af6284c04/files/341d52628782f8ac9290bbfc43298afccb47b7cbfcee146ae30cf0f46bc30900 200
[debug] [2021-03-10T10:13:16.543Z] <<< [apiv2][body] POST https://upload-firebasehosting.googleapis.com/upload/sites/airbnbclone-6a684/versions/2c928f8af6284c04/files/341d52628782f8ac9290bbfc43298afccb47b7cbfcee146ae30cf0f46bc30900 [stream]
[debug] [2021-03-10T10:13:16.545Z] <<< [apiv2][status] POST https://upload-firebasehosting.googleapis.com/upload/sites/airbnbclone-6a684/versions/2c928f8af6284c04/files/391d14b3c2f8c9143a27a28c7399585142228d4d1bdbe2c87ac946de411fa9a2 200
[debug] [2021-03-10T10:13:16.545Z] <<< [apiv2][body] POST https://upload-firebasehosting.googleapis.com/upload/sites/airbnbclone-6a684/versions/2c928f8af6284c04/files/391d14b3c2f8c9143a27a28c7399585142228d4d1bdbe2c87ac946de411fa9a2 [stream]
[debug] [2021-03-10T10:13:16.546Z] <<< [apiv2][status] POST https://upload-firebasehosting.googleapis.com/upload/sites/airbnbclone-6a684/versions/2c928f8af6284c04/files/191fc21360b4ccfb1cda11a1efb97f489ed22672ca83f4064316802bbfdd750e 200
[debug] [2021-03-10T10:13:16.546Z] <<< [apiv2][body] POST https://upload-firebasehosting.googleapis.com/upload/sites/airbnbclone-6a684/versions/2c928f8af6284c04/files/191fc21360b4ccfb1cda11a1efb97f489ed22672ca83f4064316802bbfdd750e [stream]
[debug] [2021-03-10T10:13:16.549Z] <<< [apiv2][status] POST https://upload-firebasehosting.googleapis.com/upload/sites/airbnbclone-6a684/versions/2c928f8af6284c04/files/76f0f1f79a091bc410048c912ffab4d3fc1fb7ca4dc87380377be9b0b87437cb 200
[debug] [2021-03-10T10:13:16.549Z] <<< [apiv2][body] POST https://upload-firebasehosting.googleapis.com/upload/sites/airbnbclone-6a684/versions/2c928f8af6284c04/files/76f0f1f79a091bc410048c912ffab4d3fc1fb7ca4dc87380377be9b0b87437cb [stream]
[debug] [2021-03-10T10:13:16.563Z] <<< [apiv2][status] POST https://upload-firebasehosting.googleapis.com/upload/sites/airbnbclone-6a684/versions/2c928f8af6284c04/files/b72f7455f00e4e58792d2bca892abb068e2213838c0316d6b7a0d6d16acd1955 200
[debug] [2021-03-10T10:13:16.563Z] <<< [apiv2][body] POST https://upload-firebasehosting.googleapis.com/upload/sites/airbnbclone-6a684/versions/2c928f8af6284c04/files/b72f7455f00e4e58792d2bca892abb068e2213838c0316d6b7a0d6d16acd1955 [stream]
[debug] [2021-03-10T10:13:16.735Z] <<< [apiv2][status] POST https://upload-firebasehosting.googleapis.com/upload/sites/airbnbclone-6a684/versions/2c928f8af6284c04/files/f5e91df6487eb12a4c47997f28af0f916785b8ebdff9f3ebdc1e1bde08880116 200
[debug] [2021-03-10T10:13:16.735Z] <<< [apiv2][body] POST https://upload-firebasehosting.googleapis.com/upload/sites/airbnbclone-6a684/versions/2c928f8af6284c04/files/f5e91df6487eb12a4c47997f28af0f916785b8ebdff9f3ebdc1e1bde08880116 [stream]
[debug] [2021-03-10T10:13:16.801Z] <<< [apiv2][status] POST https://upload-firebasehosting.googleapis.com/upload/sites/airbnbclone-6a684/versions/2c928f8af6284c04/files/384ce87a432a01baf652c916fb39057211ca71940bb010a93e13976368a2726c 200
[debug] [2021-03-10T10:13:16.801Z] <<< [apiv2][body] POST https://upload-firebasehosting.googleapis.com/upload/sites/airbnbclone-6a684/versions/2c928f8af6284c04/files/384ce87a432a01baf652c916fb39057211ca71940bb010a93e13976368a2726c [stream]
[debug] [2021-03-10T10:13:16.836Z] <<< [apiv2][status] POST https://upload-firebasehosting.googleapis.com/upload/sites/airbnbclone-6a684/versions/2c928f8af6284c04/files/d36611822770653b15e9b90fae7e54b39511e6545109224ed0b47f2311cc3704 200
[debug] [2021-03-10T10:13:16.836Z] <<< [apiv2][body] POST https://upload-firebasehosting.googleapis.com/upload/sites/airbnbclone-6a684/versions/2c928f8af6284c04/files/d36611822770653b15e9b90fae7e54b39511e6545109224ed0b47f2311cc3704 [stream]
[debug] [2021-03-10T10:13:17.094Z] <<< [apiv2][status] POST https://upload-firebasehosting.googleapis.com/upload/sites/airbnbclone-6a684/versions/2c928f8af6284c04/files/c02e4a321a5701e390ae0d798584167a34c8ae1f58e8a0232361312257b716e8 200
[debug] [2021-03-10T10:13:17.094Z] <<< [apiv2][body] POST https://upload-firebasehosting.googleapis.com/upload/sites/airbnbclone-6a684/versions/2c928f8af6284c04/files/c02e4a321a5701e390ae0d798584167a34c8ae1f58e8a0232361312257b716e8 [stream]
[debug] [2021-03-10T10:13:17.185Z] <<< [apiv2][status] POST https://upload-firebasehosting.googleapis.com/upload/sites/airbnbclone-6a684/versions/2c928f8af6284c04/files/962bad626db51a1eba6ee47656581d47528a3ee0cf037f6dc1d8876d543c07c9 200
[debug] [2021-03-10T10:13:17.186Z] <<< [apiv2][body] POST https://upload-firebasehosting.googleapis.com/upload/sites/airbnbclone-6a684/versions/2c928f8af6284c04/files/962bad626db51a1eba6ee47656581d47528a3ee0cf037f6dc1d8876d543c07c9 [stream]
[debug] [2021-03-10T10:13:17.205Z] <<< [apiv2][status] POST https://upload-firebasehosting.googleapis.com/upload/sites/airbnbclone-6a684/versions/2c928f8af6284c04/files/caff018b7f1e8fd481eb1c50d75b0ef236bcd5078b1d15c8bb348453fee30293 200
[debug] [2021-03-10T10:13:17.206Z] <<< [apiv2][body] POST https://upload-firebasehosting.googleapis.com/upload/sites/airbnbclone-6a684/versions/2c928f8af6284c04/files/caff018b7f1e8fd481eb1c50d75b0ef236bcd5078b1d15c8bb348453fee30293 [stream]
[debug] [2021-03-10T10:13:17.215Z] <<< [apiv2][status] POST https://upload-firebasehosting.googleapis.com/upload/sites/airbnbclone-6a684/versions/2c928f8af6284c04/files/e943bc5b4a835edae57aa85769a2f21fefdad77b6609a486f47cb72124ecfd2e 200
[debug] [2021-03-10T10:13:17.216Z] <<< [apiv2][body] POST https://upload-firebasehosting.googleapis.com/upload/sites/airbnbclone-6a684/versions/2c928f8af6284c04/files/e943bc5b4a835edae57aa85769a2f21fefdad77b6609a486f47cb72124ecfd2e [stream]
[debug] [2021-03-10T10:13:17.250Z] <<< [apiv2][status] POST https://upload-firebasehosting.googleapis.com/upload/sites/airbnbclone-6a684/versions/2c928f8af6284c04/files/4240a6c6dd5794e388d50e14beb6eb1558284becb9de43fa7132ce14b9ed704d 200
[debug] [2021-03-10T10:13:17.250Z] <<< [apiv2][body] POST https://upload-firebasehosting.googleapis.com/upload/sites/airbnbclone-6a684/versions/2c928f8af6284c04/files/4240a6c6dd5794e388d50e14beb6eb1558284becb9de43fa7132ce14b9ed704d [stream]
[debug] [2021-03-10T10:13:17.331Z] <<< [apiv2][status] POST https://upload-firebasehosting.googleapis.com/upload/sites/airbnbclone-6a684/versions/2c928f8af6284c04/files/52c2286923bf6c23413e25abbff22f2f7134c422758952fddfa16e02b26d36b9 200
[debug] [2021-03-10T10:13:17.331Z] <<< [apiv2][body] POST https://upload-firebasehosting.googleapis.com/upload/sites/airbnbclone-6a684/versions/2c928f8af6284c04/files/52c2286923bf6c23413e25abbff22f2f7134c422758952fddfa16e02b26d36b9 [stream]
[debug] [2021-03-10T10:13:17.332Z] [hosting][upload queue][FINAL] {"max":2076,"min":1143,"avg":1524.1666666666667,"active":0,"complete":18,"success":18,"errored":0,"retried":0,"total":18,"elapsed":2076}
[info] ✔  hosting[airbnbclone-6a684]: file upload complete 
[debug] [2021-03-10T10:13:17.336Z] [hosting] deploy completed after 3414ms
[debug] [2021-03-10T10:13:17.385Z] [
  {
    "config": {
      "public": "build",
      "ignore": [
        "firebase.json",
        "**/.*",
        "**/node_modules/**"
      ],
      "rewrites": [
        {
          "source": "**",
          "destination": "/index.html"
        }
      ],
      "site": "airbnbclone-6a684"
    },
    "site": "airbnbclone-6a684",
    "version": "sites/airbnbclone-6a684/versions/2c928f8af6284c04"
  }
]
[info] i  hosting[airbnbclone-6a684]: finalizing version... 
[debug] [2021-03-10T10:13:17.388Z] > refreshing access token with scopes: ["email","https://www.googleapis.com/auth/cloud-platform","https://www.googleapis.com/auth/cloudplatformprojects.readonly","https://www.googleapis.com/auth/firebase","openid"]
[debug] [2021-03-10T10:13:17.388Z] >>> HTTP REQUEST POST https://www.googleapis.com/oauth2/v3/token  
 <request body omitted>
[debug] [2021-03-10T10:13:17.453Z] <<< HTTP RESPONSE 200 {"cache-control":"no-cache, no-store, max-age=0, must-revalidate","expires":"Mon, 01 Jan 1990 00:00:00 GMT","pragma":"no-cache","date":"Wed, 10 Mar 2021 10:13:17 GMT","content-type":"application/json; charset=utf-8","vary":"X-Origin, Referer, Origin,Accept-Encoding","server":"scaffolding on HTTPServer2","x-xss-protection":"0","x-frame-options":"SAMEORIGIN","x-content-type-options":"nosniff","alt-svc":"h3-29=\":443\"; ma=2592000,h3-T051=\":443\"; ma=2592000,h3-Q050=\":443\"; ma=2592000,h3-Q046=\":443\"; ma=2592000,h3-Q043=\":443\"; ma=2592000,quic=\":443\"; ma=2592000; v=\"46,43\"","accept-ranges":"none","transfer-encoding":"chunked"}
[debug] [2021-03-10T10:13:17.481Z] >>> HTTP REQUEST PATCH https://firebasehosting.googleapis.com/v1beta1/sites/airbnbclone-6a684/versions/2c928f8af6284c04?updateMask=status  
 {"status":"FINALIZED"}
